<?xml version="1.0" encoding="UTF-8"?>
<!-- Generated by org.testng.reporters.JUnitReportReporter -->
<testsuite hostname="Sameer" name="com.core.mySuite.One" tests="1" failures="0" timestamp="27 Nov 2016 08:34:30 GMT" time="17.165" errors="0">
  <testcase name="fbTest" time="17.165" classname="com.core.mySuite.One"/>
</testsuite> <!-- com.core.mySuite.One -->
