<?xml version="1.0" encoding="UTF-8"?>
<!-- Generated by org.testng.reporters.JUnitReportReporter -->
<testsuite hostname="Sameer" name="com.core.mySuite.Two" tests="2" failures="0" timestamp="27 Nov 2016 08:34:31 GMT" time="0.011" errors="1">
  <testcase name="two" time="0.005" classname="com.core.mySuite.Two"/>
  <testcase name="three" time="0.006" classname="com.core.mySuite.Two"/>
</testsuite> <!-- com.core.mySuite.Two -->
